{"C:\\Users\\paolo\\OneDrive\\Documents\\Files and Documents\\RDP Documents\\Software Testing\\Codes\\test_project\\src\\functions\\add.js": {"path":"C:\\Users\\paolo\\OneDrive\\Documents\\Files and Documents\\RDP Documents\\Software Testing\\Codes\\test_project\\src\\functions\\add.js","statementMap":{"0":{"start":{"line":2,"column":4},"end":{"line":2,"column":16}},"1":{"start":{"line":5,"column":0},"end":{"line":5,"column":21}}},"fnMap":{"0":{"name":"add","decl":{"start":{"line":1,"column":9},"end":{"line":1,"column":12}},"loc":{"start":{"line":1,"column":19},"end":{"line":3,"column":1}},"line":1}},"branchMap":{},"s":{"0":3,"1":1},"f":{"0":3},"b":{},"_coverageSchema":"1a1c01bbd47fc00a2c39e90264f33305004495a9","hash":"e7cc2d2369d197f5297bc1d020e7c702ab38ec57"}
,"C:\\Users\\paolo\\OneDrive\\Documents\\Files and Documents\\RDP Documents\\Software Testing\\Codes\\test_project\\src\\functions\\getUser.js": {"path":"C:\\Users\\paolo\\OneDrive\\Documents\\Files and Documents\\RDP Documents\\Software Testing\\Codes\\test_project\\src\\functions\\getUser.js","statementMap":{"0":{"start":{"line":2,"column":4},"end":{"line":2,"column":35}},"1":{"start":{"line":5,"column":0},"end":{"line":5,"column":41}}},"fnMap":{"0":{"name":"getUserFromDatabase","decl":{"start":{"line":1,"column":9},"end":{"line":1,"column":28}},"loc":{"start":{"line":1,"column":33},"end":{"line":3,"column":1}},"line":1}},"branchMap":{},"s":{"0":1,"1":1},"f":{"0":1},"b":{},"_coverageSchema":"1a1c01bbd47fc00a2c39e90264f33305004495a9","hash":"bd0444a6c62e7c1afa7d64dc194b8e08aa290d8e"}
,"C:\\Users\\paolo\\OneDrive\\Documents\\Files and Documents\\RDP Documents\\Software Testing\\Codes\\test_project\\src\\functions\\userUtils.js": {"path":"C:\\Users\\paolo\\OneDrive\\Documents\\Files and Documents\\RDP Documents\\Software Testing\\Codes\\test_project\\src\\functions\\userUtils.js","statementMap":{"0":{"start":{"line":2,"column":4},"end":{"line":4,"column":5}},"1":{"start":{"line":3,"column":8},"end":{"line":3,"column":44}},"2":{"start":{"line":5,"column":4},"end":{"line":5,"column":48}},"3":{"start":{"line":9,"column":4},"end":{"line":11,"column":5}},"4":{"start":{"line":10,"column":8},"end":{"line":10,"column":39}},"5":{"start":{"line":13,"column":16},"end":{"line":13,"column":39}},"6":{"start":{"line":14,"column":4},"end":{"line":19,"column":5}},"7":{"start":{"line":15,"column":8},"end":{"line":15,"column":46}},"8":{"start":{"line":18,"column":8},"end":{"line":18,"column":19}},"9":{"start":{"line":23,"column":4},"end":{"line":25,"column":5}},"10":{"start":{"line":24,"column":8},"end":{"line":24,"column":44}},"11":{"start":{"line":26,"column":4},"end":{"line":26,"column":96}},"12":{"start":{"line":29,"column":0},"end":{"line":33,"column":1}}},"fnMap":{"0":{"name":"getUserFullName","decl":{"start":{"line":1,"column":9},"end":{"line":1,"column":24}},"loc":{"start":{"line":1,"column":31},"end":{"line":6,"column":1}},"line":1},"1":{"name":"calculateAge","decl":{"start":{"line":8,"column":9},"end":{"line":8,"column":21}},"loc":{"start":{"line":8,"column":46},"end":{"line":20,"column":1}},"line":8},"2":{"name":"getUserInitials","decl":{"start":{"line":22,"column":9},"end":{"line":22,"column":24}},"loc":{"start":{"line":22,"column":31},"end":{"line":27,"column":1}},"line":22}},"branchMap":{"0":{"loc":{"start":{"line":2,"column":4},"end":{"line":4,"column":5}},"type":"if","locations":[{"start":{"line":2,"column":4},"end":{"line":4,"column":5}},{"start":{},"end":{}}],"line":2},"1":{"loc":{"start":{"line":2,"column":8},"end":{"line":2,"column":50}},"type":"binary-expr","locations":[{"start":{"line":2,"column":8},"end":{"line":2,"column":13}},{"start":{"line":2,"column":17},"end":{"line":2,"column":32}},{"start":{"line":2,"column":36},"end":{"line":2,"column":50}}],"line":2},"2":{"loc":{"start":{"line":9,"column":4},"end":{"line":11,"column":5}},"type":"if","locations":[{"start":{"line":9,"column":4},"end":{"line":11,"column":5}},{"start":{},"end":{}}],"line":9},"3":{"loc":{"start":{"line":9,"column":8},"end":{"line":9,"column":46}},"type":"binary-expr","locations":[{"start":{"line":9,"column":8},"end":{"line":9,"column":24}},{"start":{"line":9,"column":28},"end":{"line":9,"column":46}}],"line":9},"4":{"loc":{"start":{"line":14,"column":4},"end":{"line":19,"column":5}},"type":"if","locations":[{"start":{"line":14,"column":4},"end":{"line":19,"column":5}},{"start":{"line":17,"column":9},"end":{"line":19,"column":5}}],"line":14},"5":{"loc":{"start":{"line":14,"column":8},"end":{"line":14,"column":29}},"type":"binary-expr","locations":[{"start":{"line":14,"column":8},"end":{"line":14,"column":16}},{"start":{"line":14,"column":20},"end":{"line":14,"column":29}}],"line":14},"6":{"loc":{"start":{"line":23,"column":4},"end":{"line":25,"column":5}},"type":"if","locations":[{"start":{"line":23,"column":4},"end":{"line":25,"column":5}},{"start":{},"end":{}}],"line":23},"7":{"loc":{"start":{"line":23,"column":8},"end":{"line":23,"column":50}},"type":"binary-expr","locations":[{"start":{"line":23,"column":8},"end":{"line":23,"column":13}},{"start":{"line":23,"column":17},"end":{"line":23,"column":32}},{"start":{"line":23,"column":36},"end":{"line":23,"column":50}}],"line":23}},"s":{"0":2,"1":1,"2":1,"3":1,"4":0,"5":1,"6":1,"7":0,"8":1,"9":0,"10":0,"11":0,"12":1},"f":{"0":2,"1":1,"2":0},"b":{"0":[1,1],"1":[2,2,2],"2":[0,1],"3":[1,1],"4":[0,1],"5":[1,0],"6":[0,0],"7":[0,0,0]},"_coverageSchema":"1a1c01bbd47fc00a2c39e90264f33305004495a9","hash":"8b3fce9b2a04311bc2b352213d5fec26f4e680a6"}
}
